# JRE version: OpenJDK Runtime Environment Temurin-17.0.18+8 (17.0.18+8) (build 17.0.18+8)
# Java VM: OpenJDK 64-Bit Server VM Temurin-17.0.18+8 (17.0.18+8, mixed mode, sharing, tiered, compressed oops, compressed class ptrs, g1 gc, windows-amd64)
GC Precious Log:
 CPUs: 8 total, 8 available
 Memory: 7971M
 Large Page Support: Disabled
 NUMA Support: Disabled
 Compressed Oops: Enabled (32-bit)
 Heap Region Size: 1M
 Heap Min Capacity: 256M
 Heap Initial Capacity: 256M
 Heap Max Capacity: 512M
 Pre-touch: Disabled
 Parallel Workers: 8
 Concurrent Workers: 2
 Concurrent Refinement Workers: 8
 Periodic GC: Disabled
Heap:
 garbage-first heap   total 413696K, used 223943K [0x00000000e0000000, 0x0000000100000000)
  region size 1024K, 91 young (93184K), 2 survivors (2048K)
 Metaspace       used 96408K, committed 100992K, reserved 458752K
  class space    used 12865K, committed 14272K, reserved 327680K
GC Heap History (20 events):
Event: 3985.717 GC heap before
{Heap before GC invocations=54 (full 0):
 garbage-first heap   total 413696K, used 331759K [0x00000000e0000000, 0x0000000100000000)
  region size 1024K, 198 young (202752K), 18 survivors (18432K)
 Metaspace       used 106349K, committed 108032K, reserved 458752K
  class space    used 14149K, committed 14976K, reserved 327680K
}
Event: 3986.718 GC heap after
{Heap after GC invocations=55 (full 0):
 garbage-first heap   total 413696K, used 145401K [0x00000000e0000000, 0x0000000100000000)
  region size 1024K, 7 young (7168K), 7 survivors (7168K)
 Metaspace       used 106349K, committed 108032K, reserved 458752K
  class space    used 14149K, committed 14976K, reserved 327680K
}
Event: 3996.566 GC heap before
{Heap before GC invocations=55 (full 0):
 garbage-first heap   total 413696K, used 158713K [0x00000000e0000000, 0x0000000100000000)
  region size 1024K, 20 young (20480K), 7 survivors (7168K)
 Metaspace       used 106367K, committed 108032K, reserved 458752K
  class space    used 14149K, committed 14976K, reserved 327680K
}
Event: 3996.770 GC heap after
{Heap after GC invocations=56 (full 0):
 garbage-first heap   total 413696K, used 140556K [0x00000000e0000000, 0x0000000100000000)
  region size 1024K, 2 young (2048K), 2 survivors (2048K)
 Metaspace       used 106367K, committed 108032K, reserved 458752K
  class space    used 14149K, committed 14976K, reserved 327680K
}
Event: 4007.132 GC heap before
{Heap before GC invocations=56 (full 0):
 garbage-first heap   total 413696K, used 157964K [0x00000000e0000000, 0x0000000100000000)
  region size 1024K, 20 young (20480K), 2 survivors (2048K)
 Metaspace       used 106371K, committed 108032K, reserved 458752K
  class space    used 14149K, committed 14976K, reserved 327680K
}
Event: 4007.335 GC heap after
{Heap after GC invocations=57 (full 0):
 garbage-first heap   total 413696K, used 141567K [0x00000000e0000000, 0x0000000100000000)
  region size 1024K, 3 young (3072K), 3 survivors (3072K)
 Metaspace       used 106371K, committed 108032K, reserved 458752K
  class space    used 14149K, committed 14976K, reserved 327680K
}
Event: 4013.446 GC heap before
{Heap before GC invocations=57 (full 0):
 garbage-first heap   total 413696K, used 157951K [0x00000000e0000000, 0x0000000100000000)
  region size 1024K, 20 young (20480K), 3 survivors (3072K)
 Metaspace       used 106450K, committed 108032K, reserved 458752K
  class space    used 14149K, committed 14976K, reserved 327680K
}
Event: 4013.531 GC heap after
{Heap after GC invocations=58 (full 0):
 garbage-first heap   total 413696K, used 141913K [0x00000000e0000000, 0x0000000100000000)
  region size 1024K, 2 young (2048K), 2 survivors (2048K)
 Metaspace       used 106450K, committed 108032K, reserved 458752K
  class space    used 14149K, committed 14976K, reserved 327680K
}
Event: 4014.154 GC heap before
{Heap before GC invocations=58 (full 0):
 garbage-first heap   total 413696K, used 160345K [0x00000000e0000000, 0x0000000100000000)
  region size 1024K, 20 young (20480K), 2 survivors (2048K)
 Metaspace       used 106467K, committed 108032K, reserved 458752K
  class space    used 14150K, committed 14976K, reserved 327680K
}
Event: 4014.273 GC heap after
{Heap after GC invocations=59 (full 0):
 garbage-first heap   total 413696K, used 141311K [0x00000000e0000000, 0x0000000100000000)
  region size 1024K, 3 young (3072K), 3 survivors (3072K)
 Metaspace       used 106467K, committed 108032K, reserved 458752K
  class space    used 14150K, committed 14976K, reserved 327680K
}
Event: 4030.148 GC heap before
{Heap before GC invocations=59 (full 0):
 garbage-first heap   total 413696K, used 171007K [0x00000000e0000000, 0x0000000100000000)
  region size 1024K, 34 young (34816K), 3 survivors (3072K)
 Metaspace       used 106491K, committed 108032K, reserved 458752K
  class space    used 14151K, committed 14976K, reserved 327680K
}
Event: 4030.358 GC heap after
{Heap after GC invocations=60 (full 0):
 garbage-first heap   total 413696K, used 145273K [0x00000000e0000000, 0x0000000100000000)
  region size 1024K, 7 young (7168K), 7 survivors (7168K)
 Metaspace       used 106491K, committed 108032K, reserved 458752K
  class space    used 14151K, committed 14976K, reserved 327680K
}
Event: 4043.013 GC heap before
{Heap before GC invocations=61 (full 0):
 garbage-first heap   total 413696K, used 207737K [0x00000000e0000000, 0x0000000100000000)
  region size 1024K, 67 young (68608K), 7 survivors (7168K)
 Metaspace       used 94620K, committed 100992K, reserved 458752K
  class space    used 12643K, committed 14272K, reserved 327680K
}
Event: 4043.161 GC heap after
{Heap after GC invocations=62 (full 0):
 garbage-first heap   total 413696K, used 155725K [0x00000000e0000000, 0x0000000100000000)
  region size 1024K, 9 young (9216K), 9 survivors (9216K)
 Metaspace       used 94620K, committed 100992K, reserved 458752K
  class space    used 12643K, committed 14272K, reserved 327680K
}
Event: 4044.307 GC heap before
{Heap before GC invocations=62 (full 0):
 garbage-first heap   total 413696K, used 165965K [0x00000000e0000000, 0x0000000100000000)
  region size 1024K, 20 young (20480K), 9 survivors (9216K)
 Metaspace       used 95160K, committed 100992K, reserved 458752K
  class space    used 12699K, committed 14272K, reserved 327680K
}
Event: 4044.416 GC heap after
{Heap after GC invocations=63 (full 0):
 garbage-first heap   total 413696K, used 140200K [0x00000000e0000000, 0x0000000100000000)
  region size 1024K, 2 young (2048K), 2 survivors (2048K)
 Metaspace       used 95160K, committed 100992K, reserved 458752K
  class space    used 12699K, committed 14272K, reserved 327680K
}
Event: 4047.018 GC heap before
{Heap before GC invocations=63 (full 0):
 garbage-first heap   total 413696K, used 157608K [0x00000000e0000000, 0x0000000100000000)
  region size 1024K, 20 young (20480K), 2 survivors (2048K)
 Metaspace       used 95756K, committed 100992K, reserved 458752K
  class space    used 12772K, committed 14272K, reserved 327680K
}
Event: 4047.223 GC heap after
{Heap after GC invocations=64 (full 0):
 garbage-first heap   total 413696K, used 134307K [0x00000000e0000000, 0x0000000100000000)
  region size 1024K, 1 young (1024K), 1 survivors (1024K)
 Metaspace       used 95756K, committed 100992K, reserved 458752K
  class space    used 12772K, committed 14272K, reserved 327680K
}
Event: 4048.842 GC heap before
{Heap before GC invocations=64 (full 0):
 garbage-first heap   total 413696K, used 152739K [0x00000000e0000000, 0x0000000100000000)
  region size 1024K, 20 young (20480K), 1 survivors (1024K)
 Metaspace       used 95820K, committed 100992K, reserved 458752K
  class space    used 12776K, committed 14272K, reserved 327680K
}
Event: 4048.883 GC heap after
{Heap after GC invocations=65 (full 0):
 garbage-first heap   total 413696K, used 134855K [0x00000000e0000000, 0x0000000100000000)
  region size 1024K, 2 young (2048K), 2 survivors (2048K)
 Metaspace       used 95820K, committed 100992K, reserved 458752K
  class space    used 12776K, committed 14272K, reserved 327680K
}

